[debug] [2023-10-14T19:50:56.644Z] ----------------------------------------------------------------------
[debug] [2023-10-14T19:50:56.649Z] Command:       D:\nodejs\node.exe C:\Users\hp\AppData\Roaming\npm\node_modules\firebase-tools\lib\bin\firebase.js init
[debug] [2023-10-14T19:50:56.650Z] CLI Version:   12.7.0
[debug] [2023-10-14T19:50:56.651Z] Platform:      win32
[debug] [2023-10-14T19:50:56.651Z] Node Version:  v16.13.1
[debug] [2023-10-14T19:50:56.892Z] Time:          Sun Oct 15 2023 01:20:56 GMT+0530 (India Standard Time)
[debug] [2023-10-14T19:50:56.893Z] ----------------------------------------------------------------------
[debug] 
[debug] [2023-10-14T19:50:57.224Z] > command requires scopes: ["email","openid","https://www.googleapis.com/auth/cloudplatformprojects.readonly","https://www.googleapis.com/auth/firebase","https://www.googleapis.com/auth/cloud-platform"]
[debug] [2023-10-14T19:50:57.227Z] > authorizing via signed-in user (thakarekomal0913@gmail.com)
[info] 
     ######## #### ########  ######## ########     ###     ######  ########
     ##        ##  ##     ## ##       ##     ##  ##   ##  ##       ##
     ######    ##  ########  ######   ########  #########  ######  ######
     ##        ##  ##    ##  ##       ##     ## ##     ##       ## ##
     ##       #### ##     ## ######## ########  ##     ##  ######  ########

You're about to initialize a Firebase project in this directory:

  C:\Amazon clone

Before we get started, keep in mind:

  * You are currently outside your home directory
  * You are initializing within an existing Firebase project directory

[debug] [2023-10-14T19:53:51.387Z] ----------------------------------------------------------------------
[debug] [2023-10-14T19:53:51.391Z] Command:       D:\nodejs\node.exe C:\Users\hp\AppData\Roaming\npm\node_modules\firebase-tools\lib\bin\firebase.js init hosting
[debug] [2023-10-14T19:53:51.392Z] CLI Version:   12.7.0
[debug] [2023-10-14T19:53:51.392Z] Platform:      win32
[debug] [2023-10-14T19:53:51.393Z] Node Version:  v16.13.1
[debug] [2023-10-14T19:53:51.395Z] Time:          Sun Oct 15 2023 01:23:51 GMT+0530 (India Standard Time)
[debug] [2023-10-14T19:53:51.395Z] ----------------------------------------------------------------------
[debug] 
[debug] [2023-10-14T19:53:51.582Z] > command requires scopes: ["email","openid","https://www.googleapis.com/auth/cloudplatformprojects.readonly","https://www.googleapis.com/auth/firebase","https://www.googleapis.com/auth/cloud-platform"]
[debug] [2023-10-14T19:53:51.583Z] > authorizing via signed-in user (thakarekomal0913@gmail.com)
[info] 
     ######## #### ########  ######## ########     ###     ######  ########
     ##        ##  ##     ## ##       ##     ##  ##   ##  ##       ##
     ######    ##  ########  ######   ########  #########  ######  ######
     ##        ##  ##    ##  ##       ##     ## ##     ##       ## ##
     ##       #### ##     ## ######## ########  ##     ##  ######  ########

You're about to initialize a Firebase project in this directory:

  C:\Amazon clone

Before we get started, keep in mind:

  * You are currently outside your home directory
  * You are initializing within an existing Firebase project directory

[info] 
=== Project Setup
[info] 
[info] First, let's associate this project directory with a Firebase project.
[info] You can create multiple project aliases by running firebase use --add, 
[info] but for now we'll just set up a default project.
[info] 
[debug] [2023-10-14T19:54:03.403Z] Using project from CLI flag: clone-cdc4e
[debug] [2023-10-14T19:54:03.453Z] >>> [apiv2][query] GET https://firebase.googleapis.com/v1beta1/projects/clone-cdc4e [none]
[debug] [2023-10-14T19:54:04.339Z] <<< [apiv2][status] GET https://firebase.googleapis.com/v1beta1/projects/clone-cdc4e 200
[debug] [2023-10-14T19:54:04.339Z] <<< [apiv2][body] GET https://firebase.googleapis.com/v1beta1/projects/clone-cdc4e {"projectId":"clone-cdc4e","projectNumber":"668071711071","displayName":"AmazonClone","name":"projects/clone-cdc4e","resources":{"hostingSite":"clone-cdc4e"},"state":"ACTIVE","etag":"1_d6c8435f-4ea5-4835-b335-3036bafa0c67"}
[info] i  Using project clone-cdc4e (AmazonClone) 
[info] 
=== Hosting Setup
[info] 
[info] Your public directory is the folder (relative to your project directory) that
[info] will contain Hosting assets to be uploaded with firebase deploy. If you
[info] have a build process for your assets, use your build's output directory.
[info] 
[debug] [2023-10-14T19:54:39.199Z] >>> [apiv2][query] GET https://www.gstatic.com/firebasejs/releases.json [none]
[debug] [2023-10-14T19:54:39.296Z] <<< [apiv2][status] GET https://www.gstatic.com/firebasejs/releases.json 200
[debug] [2023-10-14T19:54:39.297Z] <<< [apiv2][body] GET https://www.gstatic.com/firebasejs/releases.json {"current":{"version":"10.5.0","browserURL":"https://www.gstatic.com/firebasejs/10.5.0/firebase.js","packageURL":"https://www.gstatic.com/firebasejs/10.5.0/firebase.tgz"},"live":{"version":"10.5","browserURL":"https://www.gstatic.com/firebasejs/live/10.5/firebase.js","packageURL":"https://www.gstatic.com/firebasejs/live/10.5/firebase.tgz"},"components":{"analytics":"https://www.gstatic.com/firebasejs/10.5.0/firebase-analytics.js","app":"https://www.gstatic.com/firebasejs/10.5.0/firebase-app.js","app-check":"https://www.gstatic.com/firebasejs/10.5.0/firebase-app-check.js","auth":"https://www.gstatic.com/firebasejs/10.5.0/firebase-auth.js","auth/cordova":"https://www.gstatic.com/firebasejs/10.5.0/firebase-auth/cordova.js","functions":"https://www.gstatic.com/firebasejs/10.5.0/firebase-functions.js","firestore":"https://www.gstatic.com/firebasejs/10.5.0/firebase-firestore.js","firestore/lite":"https://www.gstatic.com/firebasejs/10.5.0/firebase-firestore/lite.js","installations":"https://www.gstatic.com/firebasejs/10.5.0/firebase-installations.js","storage":"https://www.gstatic.com/firebasejs/10.5.0/firebase-storage.js","performance":"https://www.gstatic.com/firebasejs/10.5.0/firebase-performance.js","remote-config":"https://www.gstatic.com/firebasejs/10.5.0/firebase-remote-config.js","messaging":"https://www.gstatic.com/firebasejs/10.5.0/firebase-messaging.js","messaging/sw":"https://www.gstatic.com/firebasejs/10.5.0/firebase-messaging/sw.js","database":"https://www.gstatic.com/firebasejs/10.5.0/firebase-database.js","firestore.memory":"https://www.gstatic.com/firebasejs/10.5.0/firebase-firestore.memory.js"}}
[info] +  Wrote Y/index.html 
[info] 
[info] i  Didn't detect a .git folder. Assuming C:\Amazon clone is the project root. 
[info] i  Authorizing with GitHub to upload your service account to a GitHub repository's secrets store. 
[info] 
[info] Visit this URL on this device to log in:
[info] https://github.com/login/oauth/authorize?client_id=89cf50f02ac6aaed3484&state=765497290&redirect_uri=http%3A%2F%2Flocalhost%3A9005&scope=read%3Auser%20repo%20public_repo
[info] 
[info] Waiting for authentication...
[debug] [2023-10-14T19:54:54.026Z] >>> [apiv2][query] POST https://github.com/login/oauth/access_token [none]
[debug] [2023-10-14T19:54:54.026Z] >>> [apiv2][body] POST https://github.com/login/oauth/access_token [stream]
[debug] [2023-10-14T19:54:54.341Z] <<< [apiv2][status] POST https://github.com/login/oauth/access_token 200
[debug] [2023-10-14T19:54:54.341Z] <<< [apiv2][body] POST https://github.com/login/oauth/access_token {"access_token":"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","token_type":"bearer","scope":"read:user,repo"}
[debug] [2023-10-14T19:54:54.648Z] >>> [apiv2][query] GET https://api.github.com/user [none]
[debug] [2023-10-14T19:54:54.991Z] <<< [apiv2][status] GET https://api.github.com/user 200
[debug] [2023-10-14T19:54:54.992Z] <<< [apiv2][body] GET https://api.github.com/user {"login":"ThakareKomal17","id":141061936,"node_id":"U_kgDOCGhvMA","avatar_url":"https://avatars.githubusercontent.com/u/141061936?v=4","gravatar_id":"","url":"https://api.github.com/users/ThakareKomal17","html_url":"https://github.com/ThakareKomal17","followers_url":"https://api.github.com/users/ThakareKomal17/followers","following_url":"https://api.github.com/users/ThakareKomal17/following{/other_user}","gists_url":"https://api.github.com/users/ThakareKomal17/gists{/gist_id}","starred_url":"https://api.github.com/users/ThakareKomal17/starred{/owner}{/repo}","subscriptions_url":"https://api.github.com/users/ThakareKomal17/subscriptions","organizations_url":"https://api.github.com/users/ThakareKomal17/orgs","repos_url":"https://api.github.com/users/ThakareKomal17/repos","events_url":"https://api.github.com/users/ThakareKomal17/events{/privacy}","received_events_url":"https://api.github.com/users/ThakareKomal17/received_events","type":"User","site_admin":false,"name":null,"company":null,"blog":"","location":null,"email":null,"hireable":null,"bio":null,"twitter_username":null,"public_repos":0,"public_gists":0,"followers":0,"following":0,"created_at":"2023-07-31T17:27:42Z","updated_at":"2023-10-14T19:52:18Z","private_gists":0,"total_private_repos":1,"owned_private_repos":1,"disk_usage":0,"collaborators":0,"two_factor_authentication":false,"plan":{"name":"pro","space":976562499,"collaborators":0,"private_repos":9999}}
[info] 
[info] +  Success! Logged into GitHub as ThakareKomal17 
[info] 
